#
# There is insufficient memory for the Java Runtime Environment to continue.
# Native memory allocation (malloc) failed to allocate 396896 bytes. Error detail: Chunk::new
# Possible reasons:
#   The system is out of physical RAM or swap space
#   This process is running with CompressedOops enabled, and the Java Heap may be blocking the growth of the native heap
# Possible solutions:
#   Reduce memory load on the system
#   Increase physical memory or swap space
#   Check if swap backing store is full
#   Decrease Java heap size (-Xmx/-Xms)
#   Decrease number of Java threads
#   Decrease Java thread stack sizes (-Xss)
#   Set larger code cache with -XX:ReservedCodeCacheSize=
#   JVM is running with Unscaled Compressed Oops mode in which the Java heap is
#     placed in the first 4GB address space. The Java Heap base address is the
#     maximum limit for the native heap growth. Please use -XX:HeapBaseMinAddress
#     to set the Java Heap base and to place the Java Heap above 4GB virtual address.
# This output file may be truncated or incomplete.
#
#  Out of Memory Error (arena.cpp:168), pid=26872, tid=15088
#
# JRE version: OpenJDK Runtime Environment Temurin-21.0.9+10 (21.0.9+10) (build 21.0.9+10-LTS)
# Java VM: OpenJDK 64-Bit Server VM Temurin-21.0.9+10 (21.0.9+10-LTS, mixed mode, sharing, tiered, compressed oops, compressed class ptrs, parallel gc, windows-amd64)
# No core dump will be written. Minidumps are not enabled by default on client versions of Windows
#

---------------  S U M M A R Y ------------

Command Line: --add-modules=ALL-SYSTEM --add-opens=java.base/java.util=ALL-UNNAMED --add-opens=java.base/java.lang=ALL-UNNAMED --add-opens=java.base/sun.nio.fs=ALL-UNNAMED -Declipse.application=org.eclipse.jdt.ls.core.id1 -Dosgi.bundles.defaultStartLevel=4 -Declipse.product=org.eclipse.jdt.ls.core.product -Djava.import.generatesMetadataFilesAtProjectRoot=false -DDetectVMInstallationsJob.disabled=true -Dfile.encoding=utf8 -XX:+UseParallelGC -XX:GCTimeRatio=4 -XX:AdaptiveSizePolicyWeight=90 -Dsun.zip.disableMemoryMapping=true -Xmx2G -Xms100m -Xlog:disable -javaagent:c:\Users\amine\.cursor\extensions\redhat.java-1.50.0-win32-x64\lombok\lombok-1.18.39-4050.jar -XX:+HeapDumpOnOutOfMemoryError -XX:HeapDumpPath=c:\Users\amine\AppData\Roaming\Cursor\User\workspaceStorage\3adbcbfda85b6272a49d07149e23765e\redhat.java -Daether.dependencyCollector.impl=bf c:\Users\amine\.cursor\extensions\redhat.java-1.50.0-win32-x64\server\plugins\org.eclipse.equinox.launcher_1.7.100.v20251111-0406.jar -configuration c:\Users\amine\AppData\Roaming\Cursor\User\globalStorage\redhat.java\1.50.0\config_win -data c:\Users\amine\AppData\Roaming\Cursor\User\workspaceStorage\3adbcbfda85b6272a49d07149e23765e\redhat.java\jdt_ws --pipe=\\.\pipe\lsp-1cdb5f0ae189da8739af915d3e8b415d-sock

Host: 12th Gen Intel(R) Core(TM) i5-12500H, 16 cores, 23G,  Windows 11 , 64 bit Build 26100 (10.0.26100.7019)
Time: Fri Dec  5 20:28:56 2025 Afr. centrale Ouest elapsed time: 26.621285 seconds (0d 0h 0m 26s)

---------------  T H R E A D  ---------------

Current thread (0x000002aec98576a0):  JavaThread "C2 CompilerThread2" daemon [_thread_in_native, id=15088, stack(0x000000f2e6a00000,0x000000f2e6b00000) (1024K)]


Current CompileTask:
C2:26621 8007 %s!   4       org.eclipse.jdt.internal.core.index.DiskIndex::readCategoryTable @ 260 (743 bytes)

Stack: [0x000000f2e6a00000,0x000000f2e6b00000]
Native frames: (J=compiled Java code, j=interpreted, Vv=VM code, C=native code)
V  [jvm.dll+0x6d6e29]
V  [jvm.dll+0x8b4b76]
V  [jvm.dll+0x8b712e]
V  [jvm.dll+0x8b7813]
V  [jvm.dll+0x283d86]
V  [jvm.dll+0xc66ed]
V  [jvm.dll+0xc6c31]
V  [jvm.dll+0x2facee]
V  [jvm.dll+0x5fde44]
V  [jvm.dll+0x255557]
V  [jvm.dll+0x25591d]
V  [jvm.dll+0x24df40]
V  [jvm.dll+0x24b482]
V  [jvm.dll+0x1cb13e]
V  [jvm.dll+0x25b29d]
V  [jvm.dll+0x25982a]
V  [jvm.dll+0x3f7ea6]
V  [jvm.dll+0x85e9ad]
V  [jvm.dll+0x6d565d]
C  [ucrtbase.dll+0x37b0]
C  [KERNEL32.DLL+0x2e8d7]
C  [ntdll.dll+0x8c53c]


---------------  P R O C E S S  ---------------

Threads class SMR info:
_java_thread_list=0x000002aecb30ff80, length=64, elements={
0x000002aee529e4b0, 0x000002aee58f27f0, 0x000002aee58f4710, 0x000002aee58f9530,
0x000002aee58fa250, 0x000002aee58fa8e0, 0x000002aee58fb600, 0x000002aeff4f5ad0,
0x000002aeff4f7180, 0x000002aee58fbc90, 0x000002aee58f9bc0, 0x000002aee58faf70,
0x000002aee58fc320, 0x000002aee58fc9b0, 0x000002aec6432aa0, 0x000002aec6433e50,
0x000002aec67ad510, 0x000002aec64344e0, 0x000002aec64316f0, 0x000002aec6433130,
0x000002aec6431d80, 0x000002aec64337c0, 0x000002aec6435890, 0x000002aec6432410,
0x000002aec64372d0, 0x000002aec6437960, 0x000002aec6437ff0, 0x000002aec6436c40,
0x000002aec6438d10, 0x000002aec6435f20, 0x000002aec6438680, 0x000002aec64365b0,
0x000002aec928c710, 0x000002aec928dac0, 0x000002aec928e7e0, 0x000002aec928cda0,
0x000002aec928ee70, 0x000002aec928f500, 0x000002aec928d430, 0x000002aec928c080,
0x000002aec928fb90, 0x000002aec9290f40, 0x000002aec9290220, 0x000002aec92908b0,
0x000002aec92915d0, 0x000002aec928e150, 0x000002aec9291c60, 0x000002aec9292980,
0x000002aec9293010, 0x000002aec92936a0, 0x000002aec962b1e0, 0x000002aec9629e30,
0x000002aec9627d60, 0x000002aec96283f0, 0x000002aec962a4c0, 0x000002aec96297a0,
0x000002aec962ab50, 0x000002aec9628a80, 0x000002aec962bf00, 0x000002aec962c590,
0x000002aec962b870, 0x000002aec9629110, 0x000002aec9859f80, 0x000002aec98576a0
}

Java Threads: ( => current thread )
  0x000002aee529e4b0 JavaThread "main"                              [_thread_blocked, id=5224, stack(0x000000f2e4900000,0x000000f2e4a00000) (1024K)]
  0x000002aee58f27f0 JavaThread "Reference Handler"          daemon [_thread_blocked, id=33336, stack(0x000000f2e4d00000,0x000000f2e4e00000) (1024K)]
  0x000002aee58f4710 JavaThread "Finalizer"                  daemon [_thread_blocked, id=35164, stack(0x000000f2e4e00000,0x000000f2e4f00000) (1024K)]
  0x000002aee58f9530 JavaThread "Signal Dispatcher"          daemon [_thread_blocked, id=19300, stack(0x000000f2e4f00000,0x000000f2e5000000) (1024K)]
  0x000002aee58fa250 JavaThread "Attach Listener"            daemon [_thread_blocked, id=31940, stack(0x000000f2e5000000,0x000000f2e5100000) (1024K)]
  0x000002aee58fa8e0 JavaThread "Service Thread"             daemon [_thread_blocked, id=36276, stack(0x000000f2e5100000,0x000000f2e5200000) (1024K)]
  0x000002aee58fb600 JavaThread "Monitor Deflation Thread"   daemon [_thread_blocked, id=23516, stack(0x000000f2e5200000,0x000000f2e5300000) (1024K)]
  0x000002aeff4f5ad0 JavaThread "C2 CompilerThread0"         daemon [_thread_blocked, id=48440, stack(0x000000f2e5300000,0x000000f2e5400000) (1024K)]
  0x000002aeff4f7180 JavaThread "C1 CompilerThread0"         daemon [_thread_blocked, id=46704, stack(0x000000f2e5400000,0x000000f2e5500000) (1024K)]
  0x000002aee58fbc90 JavaThread "Common-Cleaner"             daemon [_thread_blocked, id=30008, stack(0x000000f2e5900000,0x000000f2e5a00000) (1024K)]
  0x000002aee58f9bc0 JavaThread "Notification Thread"        daemon [_thread_blocked, id=48504, stack(0x000000f2e5a00000,0x000000f2e5b00000) (1024K)]
  0x000002aee58faf70 JavaThread "Active Thread: Equinox Container: ff29f0c3-d7cc-4131-a5b6-28476d62cf02"        [_thread_blocked, id=32584, stack(0x000000f2e6300000,0x000000f2e6400000) (1024K)]
  0x000002aee58fc320 JavaThread "Refresh Thread: Equinox Container: ff29f0c3-d7cc-4131-a5b6-28476d62cf02" daemon [_thread_blocked, id=21176, stack(0x000000f2e5500000,0x000000f2e5600000) (1024K)]
  0x000002aee58fc9b0 JavaThread "Framework Event Dispatcher: Equinox Container: ff29f0c3-d7cc-4131-a5b6-28476d62cf02" daemon [_thread_blocked, id=26124, stack(0x000000f2e5600000,0x000000f2e5700000) (1024K)]
  0x000002aec6432aa0 JavaThread "Start Level: Equinox Container: ff29f0c3-d7cc-4131-a5b6-28476d62cf02" daemon [_thread_blocked, id=37780, stack(0x000000f2e5700000,0x000000f2e5800000) (1024K)]
  0x000002aec6433e50 JavaThread "Bundle File Closer"         daemon [_thread_blocked, id=2744, stack(0x000000f2e6700000,0x000000f2e6800000) (1024K)]
  0x000002aec67ad510 JavaThread "C1 CompilerThread1"         daemon [_thread_blocked, id=22636, stack(0x000000f2e5800000,0x000000f2e5900000) (1024K)]
  0x000002aec64344e0 JavaThread "SCR Component Actor"        daemon [_thread_blocked, id=21076, stack(0x000000f2e5b00000,0x000000f2e5c00000) (1024K)]
  0x000002aec64316f0 JavaThread "Worker-JM"                         [_thread_blocked, id=8056, stack(0x000000f2e6d00000,0x000000f2e6e00000) (1024K)]
  0x000002aec6433130 JavaThread "JNA Cleaner"                daemon [_thread_blocked, id=22480, stack(0x000000f2e6e00000,0x000000f2e6f00000) (1024K)]
  0x000002aec6431d80 JavaThread "Worker-0"                          [_thread_blocked, id=16964, stack(0x000000f2e6f00000,0x000000f2e7000000) (1024K)]
  0x000002aec64337c0 JavaThread "Worker-1"                          [_thread_blocked, id=11704, stack(0x000000f2e7000000,0x000000f2e7100000) (1024K)]
  0x000002aec6435890 JavaThread "Java indexing"              daemon [_thread_blocked, id=5768, stack(0x000000f2e7300000,0x000000f2e7400000) (1024K)]
  0x000002aec6432410 JavaThread "Worker-2: Initialize workspace"        [_thread_blocked, id=7736, stack(0x000000f2e7600000,0x000000f2e7700000) (1024K)]
  0x000002aec64372d0 JavaThread "Worker-3"                          [_thread_blocked, id=34536, stack(0x000000f2e7700000,0x000000f2e7800000) (1024K)]
  0x000002aec6437960 JavaThread "Thread-1"                   daemon [_thread_in_native, id=6936, stack(0x000000f2e7800000,0x000000f2e7900000) (1024K)]
  0x000002aec6437ff0 JavaThread "Thread-2"                   daemon [_thread_in_native, id=40820, stack(0x000000f2e7900000,0x000000f2e7a00000) (1024K)]
  0x000002aec6436c40 JavaThread "Thread-3"                   daemon [_thread_in_native, id=15584, stack(0x000000f2e7a00000,0x000000f2e7b00000) (1024K)]
  0x000002aec6438d10 JavaThread "Thread-4"                   daemon [_thread_in_native, id=37120, stack(0x000000f2e7b00000,0x000000f2e7c00000) (1024K)]
  0x000002aec6435f20 JavaThread "Thread-5"                   daemon [_thread_in_native, id=2276, stack(0x000000f2e7c00000,0x000000f2e7d00000) (1024K)]
  0x000002aec6438680 JavaThread "Thread-6"                   daemon [_thread_in_native, id=8980, stack(0x000000f2e7d00000,0x000000f2e7e00000) (1024K)]
  0x000002aec64365b0 JavaThread "Thread-7"                   daemon [_thread_in_native, id=40672, stack(0x000000f2e7e00000,0x000000f2e7f00000) (1024K)]
  0x000002aec928c710 JavaThread "Thread-8"                   daemon [_thread_in_native, id=40368, stack(0x000000f2e7f00000,0x000000f2e8000000) (1024K)]
  0x000002aec928dac0 JavaThread "Thread-9"                   daemon [_thread_in_native, id=12904, stack(0x000000f2e8000000,0x000000f2e8100000) (1024K)]
  0x000002aec928e7e0 JavaThread "Thread-10"                  daemon [_thread_in_native, id=26096, stack(0x000000f2e8100000,0x000000f2e8200000) (1024K)]
  0x000002aec928cda0 JavaThread "Thread-11"                  daemon [_thread_in_native, id=26332, stack(0x000000f2e8200000,0x000000f2e8300000) (1024K)]
  0x000002aec928ee70 JavaThread "Thread-12"                  daemon [_thread_in_native, id=24240, stack(0x000000f2e8300000,0x000000f2e8400000) (1024K)]
  0x000002aec928f500 JavaThread "Thread-13"                  daemon [_thread_in_native, id=31224, stack(0x000000f2e8400000,0x000000f2e8500000) (1024K)]
  0x000002aec928d430 JavaThread "Thread-14"                  daemon [_thread_in_native, id=12264, stack(0x000000f2e8500000,0x000000f2e8600000) (1024K)]
  0x000002aec928c080 JavaThread "Thread-15"                  daemon [_thread_in_native, id=23452, stack(0x000000f2e8600000,0x000000f2e8700000) (1024K)]
  0x000002aec928fb90 JavaThread "Thread-16"                  daemon [_thread_in_native, id=17732, stack(0x000000f2e8700000,0x000000f2e8800000) (1024K)]
  0x000002aec9290f40 JavaThread "Thread-17"                  daemon [_thread_in_native, id=23532, stack(0x000000f2e8800000,0x000000f2e8900000) (1024K)]
  0x000002aec9290220 JavaThread "pool-2-thread-1"                   [_thread_blocked, id=23520, stack(0x000000f2e8900000,0x000000f2e8a00000) (1024K)]
  0x000002aec92908b0 JavaThread "Worker-4: Initialize Workspace"        [_thread_blocked, id=25980, stack(0x000000f2e8a00000,0x000000f2e8b00000) (1024K)]
  0x000002aec92915d0 JavaThread "WorkspaceEventsHandler"            [_thread_blocked, id=26136, stack(0x000000f2e8e00000,0x000000f2e8f00000) (1024K)]
  0x000002aec928e150 JavaThread "pool-1-thread-1"                   [_thread_blocked, id=3236, stack(0x000000f2e8f00000,0x000000f2e9000000) (1024K)]
  0x000002aec9291c60 JavaThread "ForkJoinPool.commonPool-worker-1" daemon [_thread_blocked, id=20484, stack(0x000000f2e9200000,0x000000f2e9300000) (1024K)]
  0x000002aec9292980 JavaThread "ForkJoinPool.commonPool-worker-2" daemon [_thread_blocked, id=3280, stack(0x000000f2e9300000,0x000000f2e9400000) (1024K)]
  0x000002aec9293010 JavaThread "ForkJoinPool.commonPool-worker-3" daemon [_thread_blocked, id=1572, stack(0x000000f2e9400000,0x000000f2e9500000) (1024K)]
  0x000002aec92936a0 JavaThread "ForkJoinPool.commonPool-worker-4" daemon [_thread_blocked, id=14212, stack(0x000000f2e9500000,0x000000f2e9600000) (1024K)]
  0x000002aec962b1e0 JavaThread "ForkJoinPool.commonPool-worker-5" daemon [_thread_blocked, id=24492, stack(0x000000f2e9600000,0x000000f2e9700000) (1024K)]
  0x000002aec9629e30 JavaThread "ForkJoinPool.commonPool-worker-6" daemon [_thread_blocked, id=5080, stack(0x000000f2e9700000,0x000000f2e9800000) (1024K)]
  0x000002aec9627d60 JavaThread "ForkJoinPool.commonPool-worker-7" daemon [_thread_blocked, id=3056, stack(0x000000f2e9800000,0x000000f2e9900000) (1024K)]
  0x000002aec96283f0 JavaThread "ForkJoinPool.commonPool-worker-9" daemon [_thread_blocked, id=4980, stack(0x000000f2e9900000,0x000000f2e9a00000) (1024K)]
  0x000002aec962a4c0 JavaThread "ForkJoinPool.commonPool-worker-8" daemon [_thread_blocked, id=1424, stack(0x000000f2e9a00000,0x000000f2e9b00000) (1024K)]
  0x000002aec96297a0 JavaThread "ForkJoinPool.commonPool-worker-10" daemon [_thread_blocked, id=13288, stack(0x000000f2e9b00000,0x000000f2e9c00000) (1024K)]
  0x000002aec962ab50 JavaThread "ForkJoinPool.commonPool-worker-11" daemon [_thread_blocked, id=26984, stack(0x000000f2e9c00000,0x000000f2e9d00000) (1024K)]
  0x000002aec9628a80 JavaThread "ForkJoinPool.commonPool-worker-12" daemon [_thread_in_native, id=24332, stack(0x000000f2e9d00000,0x000000f2e9e00000) (1024K)]
  0x000002aec962bf00 JavaThread "ForkJoinPool.commonPool-worker-13" daemon [_thread_blocked, id=4920, stack(0x000000f2e9e00000,0x000000f2e9f00000) (1024K)]
  0x000002aec962c590 JavaThread "ForkJoinPool.commonPool-worker-14" daemon [_thread_blocked, id=23412, stack(0x000000f2e9f00000,0x000000f2ea000000) (1024K)]
  0x000002aec962b870 JavaThread "ForkJoinPool.commonPool-worker-15" daemon [_thread_blocked, id=11696, stack(0x000000f2ea000000,0x000000f2ea100000) (1024K)]
  0x000002aec9629110 JavaThread "Keep-Alive-Timer"           daemon [_thread_blocked, id=23832, stack(0x000000f2ea100000,0x000000f2ea200000) (1024K)]
  0x000002aec9859f80 JavaThread "C2 CompilerThread1"         daemon [_thread_in_native, id=2092, stack(0x000000f2e6900000,0x000000f2e6a00000) (1024K)]
=>0x000002aec98576a0 JavaThread "C2 CompilerThread2"         daemon [_thread_in_native, id=15088, stack(0x000000f2e6a00000,0x000000f2e6b00000) (1024K)]
Total: 64

Other Threads:
  0x000002aee58f1ad0 VMThread "VM Thread"                           [id=22596, stack(0x000000f2e4c00000,0x000000f2e4d00000) (1024K)]
  0x000002aefdf0ca10 WatcherThread "VM Periodic Task Thread"        [id=34968, stack(0x000000f2e4b00000,0x000000f2e4c00000) (1024K)]
  0x000002aee586e9b0 WorkerThread "GC Thread#0"                     [id=33576, stack(0x000000f2e4a00000,0x000000f2e4b00000) (1024K)]
  0x000002aec65b54e0 WorkerThread "GC Thread#1"                     [id=20280, stack(0x000000f2e5c00000,0x000000f2e5d00000) (1024K)]
  0x000002aec64c1230 WorkerThread "GC Thread#2"                     [id=25688, stack(0x000000f2e5d00000,0x000000f2e5e00000) (1024K)]
  0x000002aec64c15d0 WorkerThread "GC Thread#3"                     [id=46568, stack(0x000000f2e5e00000,0x000000f2e5f00000) (1024K)]
  0x000002aec6a8d570 WorkerThread "GC Thread#4"                     [id=40108, stack(0x000000f2e5f00000,0x000000f2e6000000) (1024K)]
  0x000002aec6a8d910 WorkerThread "GC Thread#5"                     [id=23556, stack(0x000000f2e6000000,0x000000f2e6100000) (1024K)]
  0x000002aec682bee0 WorkerThread "GC Thread#6"                     [id=37396, stack(0x000000f2e6100000,0x000000f2e6200000) (1024K)]
  0x000002aec6842a10 WorkerThread "GC Thread#7"                     [id=23716, stack(0x000000f2e6400000,0x000000f2e6500000) (1024K)]
  0x000002aeff7cecd0 WorkerThread "GC Thread#8"                     [id=17472, stack(0x000000f2e6200000,0x000000f2e6300000) (1024K)]
  0x000002aec604d540 WorkerThread "GC Thread#9"                     [id=8108, stack(0x000000f2e6500000,0x000000f2e6600000) (1024K)]
  0x000002aec604bbe0 WorkerThread "GC Thread#10"                    [id=17836, stack(0x000000f2e6600000,0x000000f2e6700000) (1024K)]
  0x000002aec604bf80 WorkerThread "GC Thread#11"                    [id=14816, stack(0x000000f2e6800000,0x000000f2e6900000) (1024K)]
  0x000002aec604c320 WorkerThread "GC Thread#12"                    [id=2196, stack(0x000000f2e6c00000,0x000000f2e6d00000) (1024K)]
Total: 15

Threads with active compile tasks:
C2 CompilerThread1  26646 8036       4       java.util.zip.ZipFile$Source::initCEN (612 bytes)
C2 CompilerThread2  26646 8007 %s!   4       org.eclipse.jdt.internal.core.index.DiskIndex::readCategoryTable @ 260 (743 bytes)
Total: 2

VM state: not at safepoint (normal execution)

VM Mutex/Monitor currently owned by a thread: None

Heap address: 0x0000000080000000, size: 2048 MB, Compressed Oops mode: 32-bit

CDS archive(s) mapped at: [0x000002ae80000000-0x000002ae80ba0000-0x000002ae80ba0000), size 12189696, SharedBaseAddress: 0x000002ae80000000, ArchiveRelocationMode: 1.
Compressed class space mapped at: 0x000002ae81000000-0x000002aec1000000, reserved size: 1073741824
Narrow klass base: 0x000002ae80000000, Narrow klass shift: 0, Narrow klass range: 0x100000000

GC Precious Log:
 CardTable entry size: 512
 CPUs: 16 total, 16 available
 Memory: 24243M
 Large Page Support: Disabled
 NUMA Support: Disabled
 Compressed Oops: Enabled (32-bit)
 Alignments: Space 512K, Generation 512K, Heap 2M
 Heap Min Capacity: 100M
 Heap Initial Capacity: 100M
 Heap Max Capacity: 2G
 Pre-touch: Disabled
 Parallel Workers: 13

Heap:
 PSYoungGen      total 16896K, used 937K [0x00000000d5580000, 0x00000000d6880000, 0x0000000100000000)
  eden space 15872K, 1% used [0x00000000d5580000,0x00000000d55b05a8,0x00000000d6500000)
  from space 1024K, 72% used [0x00000000d6700000,0x00000000d67ba1b8,0x00000000d6800000)
  to   space 512K, 0% used [0x00000000d6800000,0x00000000d6800000,0x00000000d6880000)
 ParOldGen       total 68608K, used 39727K [0x0000000080000000, 0x0000000084300000, 0x00000000d5580000)
  object space 68608K, 57% used [0x0000000080000000,0x00000000826cbdb8,0x0000000084300000)
 Metaspace       used 53295K, committed 54592K, reserved 1114112K
  class space    used 5825K, committed 6336K, reserved 1048576K

Card table byte_map: [0x000002aef9340000,0x000002aef9750000] _byte_map_base: 0x000002aef8f40000

Marking Bits: (ParMarkBitMap*) 0x00007ffa0d162460
 Begin Bits: [0x000002aef9a00000, 0x000002aefba00000)
 End Bits:   [0x000002aefba00000, 0x000002aefda00000)

Polling page: 0x000002aee55e0000

Metaspace:

Usage:
  Non-class:     46.36 MB used.
      Class:      5.69 MB used.
       Both:     52.05 MB used.

Virtual space:
  Non-class space:       64.00 MB reserved,      47.12 MB ( 74%) committed,  1 nodes.
      Class space:        1.00 GB reserved,       6.19 MB ( <1%) committed,  1 nodes.
             Both:        1.06 GB reserved,      53.31 MB (  5%) committed. 

Chunk freelists:
   Non-Class:  400.00 KB
       Class:  9.79 MB
        Both:  10.18 MB

MaxMetaspaceSize: unlimited
CompressedClassSpaceSize: 1.00 GB
Initial GC threshold: 21.00 MB
Current GC threshold: 58.38 MB
CDS: on
 - commit_granule_bytes: 65536.
 - commit_granule_words: 8192.
 - virtual_space_node_default_size: 8388608.
 - enlarge_chunks_in_place: 1.
 - use_allocation_guard: 0.


Internal statistics:

num_allocs_failed_limit: 6.
num_arena_births: 998.
num_arena_deaths: 14.
num_vsnodes_births: 2.
num_vsnodes_deaths: 0.
num_space_committed: 853.
num_space_uncommitted: 0.
num_chunks_returned_to_freelist: 20.
num_chunks_taken_from_freelist: 3264.
num_chunk_merges: 8.
num_chunk_splits: 1974.
num_chunks_enlarged: 1089.
num_inconsistent_stats: 0.

CodeHeap 'non-profiled nmethods': size=119168Kb used=4268Kb max_used=4268Kb free=114899Kb
 bounds [0x000002aef1d00000, 0x000002aef2130000, 0x000002aef9160000]
CodeHeap 'profiled nmethods': size=119104Kb used=16140Kb max_used=16140Kb free=102963Kb
 bounds [0x000002aeea160000, 0x000002aeeb130000, 0x000002aef15b0000]
CodeHeap 'non-nmethods': size=7488Kb used=1973Kb max_used=3172Kb free=5514Kb
 bounds [0x000002aef15b0000, 0x000002aef1920000, 0x000002aef1d00000]
CodeCache: size=245760Kb, used=22381Kb, max_used=23580Kb, free=223376Kb
 total_blobs=8158, nmethods=7445, adapters=618, full_count=0
Compilation: enabled, stopped_count=0, restarted_count=0

Compilation events (20 events):
Event: 26.607 Thread 0x000002aeff4f7180 nmethod 8025 0x000002aeeb109690 code [0x000002aeeb109900, 0x000002aeeb10a400]
Event: 26.607 Thread 0x000002aeff4f7180 8028       3       com.sun.org.apache.xerces.internal.dom.DeferredDocumentImpl::synchronizeChildren (167 bytes)
Event: 26.607 Thread 0x000002aec67ad510 nmethod 8027 0x000002aeeb10a710 code [0x000002aeeb10a900, 0x000002aeeb10aee0]
Event: 26.607 Thread 0x000002aeff4f7180 nmethod 8028 0x000002aeeb10b090 code [0x000002aeeb10b320, 0x000002aeeb10c0f8]
Event: 26.609 Thread 0x000002aec67ad510 8029   !   3       java.util.zip.ZipFile$Source::get (177 bytes)
Event: 26.609 Thread 0x000002aeff4f7180 8030       3       sun.nio.fs.WindowsPathParser::normalize (233 bytes)
Event: 26.610 Thread 0x000002aec67ad510 nmethod 8029 0x000002aeeb10c690 code [0x000002aeeb10c960, 0x000002aeeb10da40]
Event: 26.610 Thread 0x000002aec67ad510 8031       3       jdk.internal.misc.Unsafe::allocateMemory (65 bytes)
Event: 26.611 Thread 0x000002aec67ad510 nmethod 8031 0x000002aeeb10e210 code [0x000002aeeb10e4a0, 0x000002aeeb10ee70]
Event: 26.611 Thread 0x000002aec67ad510 8032       3       jdk.internal.misc.Unsafe::alignToHeapWordSize (29 bytes)
Event: 26.611 Thread 0x000002aec67ad510 nmethod 8032 0x000002aeeb10f290 code [0x000002aeeb10f440, 0x000002aeeb10f6c8]
Event: 26.611 Thread 0x000002aec67ad510 8033       3       jdk.internal.misc.Unsafe::allocateMemoryChecks (6 bytes)
Event: 26.612 Thread 0x000002aeff4f7180 nmethod 8030 0x000002aeeb10f810 code [0x000002aeeb10fdc0, 0x000002aeeb1128f0]
Event: 26.612 Thread 0x000002aeff4f5ad0 nmethod 7990 0x000002aef211ec90 code [0x000002aef211ee80, 0x000002aef211f6f8]
Event: 26.612 Thread 0x000002aeff4f7180 8034       3       org.eclipse.osgi.internal.loader.BundleLoaderSources::createPackageSource (152 bytes)
Event: 26.612 Thread 0x000002aec67ad510 nmethod 8033 0x000002aeeb113b10 code [0x000002aeeb113ce0, 0x000002aeeb113fa8]
Event: 26.613 Thread 0x000002aeff4f7180 nmethod 8034 0x000002aeeb114110 code [0x000002aeeb1143c0, 0x000002aeeb115290]
Event: 26.615 Thread 0x000002aeff4f7180 8035       3       sun.nio.fs.WindowsPathParser::isSlash (18 bytes)
Event: 26.615 Thread 0x000002aeff4f7180 nmethod 8035 0x000002aeeb115710 code [0x000002aeeb1158a0, 0x000002aeeb115a10]
Event: 26.617 Thread 0x000002aec9859f80 8036       4       java.util.zip.ZipFile$Source::initCEN (612 bytes)

GC Heap History (20 events):
Event: 17.739 GC heap before
{Heap before GC invocations=19 (full 2):
 PSYoungGen      total 16384K, used 16382K [0x00000000d5580000, 0x00000000d7b00000, 0x0000000100000000)
  eden space 15872K, 99% used [0x00000000d5580000,0x00000000d64ffaa0,0x00000000d6500000)
  from space 512K, 100% used [0x00000000d6e80000,0x00000000d6f00000,0x00000000d6f00000)
  to   space 9728K, 0% used [0x00000000d6500000,0x00000000d6500000,0x00000000d6e80000)
 ParOldGen       total 68608K, used 28690K [0x0000000080000000, 0x0000000084300000, 0x00000000d5580000)
  object space 68608K, 41% used [0x0000000080000000,0x0000000081c04b88,0x0000000084300000)
 Metaspace       used 42347K, committed 43520K, reserved 1114112K
  class space    used 4463K, committed 4992K, reserved 1048576K
}
Event: 17.742 GC heap after
{Heap after GC invocations=19 (full 2):
 PSYoungGen      total 20480K, used 4576K [0x00000000d5580000, 0x00000000d7100000, 0x0000000100000000)
  eden space 15872K, 0% used [0x00000000d5580000,0x00000000d5580000,0x00000000d6500000)
  from space 4608K, 99% used [0x00000000d6500000,0x00000000d6978000,0x00000000d6980000)
  to   space 6144K, 0% used [0x00000000d6b00000,0x00000000d6b00000,0x00000000d7100000)
 ParOldGen       total 68608K, used 29189K [0x0000000080000000, 0x0000000084300000, 0x00000000d5580000)
  object space 68608K, 42% used [0x0000000080000000,0x0000000081c816d0,0x0000000084300000)
 Metaspace       used 42347K, committed 43520K, reserved 1114112K
  class space    used 4463K, committed 4992K, reserved 1048576K
}
Event: 18.034 GC heap before
{Heap before GC invocations=20 (full 2):
 PSYoungGen      total 20480K, used 20448K [0x00000000d5580000, 0x00000000d7100000, 0x0000000100000000)
  eden space 15872K, 100% used [0x00000000d5580000,0x00000000d6500000,0x00000000d6500000)
  from space 4608K, 99% used [0x00000000d6500000,0x00000000d6978000,0x00000000d6980000)
  to   space 6144K, 0% used [0x00000000d6b00000,0x00000000d6b00000,0x00000000d7100000)
 ParOldGen       total 68608K, used 29189K [0x0000000080000000, 0x0000000084300000, 0x00000000d5580000)
  object space 68608K, 42% used [0x0000000080000000,0x0000000081c816d0,0x0000000084300000)
 Metaspace       used 43608K, committed 44800K, reserved 1114112K
  class space    used 4642K, committed 5184K, reserved 1048576K
}
Event: 18.037 GC heap after
{Heap after GC invocations=20 (full 2):
 PSYoungGen      total 17408K, used 1135K [0x00000000d5580000, 0x00000000d6c80000, 0x0000000100000000)
  eden space 15872K, 0% used [0x00000000d5580000,0x00000000d5580000,0x00000000d6500000)
  from space 1536K, 73% used [0x00000000d6b00000,0x00000000d6c1bf60,0x00000000d6c80000)
  to   space 3072K, 0% used [0x00000000d6680000,0x00000000d6680000,0x00000000d6980000)
 ParOldGen       total 68608K, used 33571K [0x0000000080000000, 0x0000000084300000, 0x00000000d5580000)
  object space 68608K, 48% used [0x0000000080000000,0x00000000820c8ea0,0x0000000084300000)
 Metaspace       used 43608K, committed 44800K, reserved 1114112K
  class space    used 4642K, committed 5184K, reserved 1048576K
}
Event: 18.384 GC heap before
{Heap before GC invocations=21 (full 2):
 PSYoungGen      total 17408K, used 17007K [0x00000000d5580000, 0x00000000d6c80000, 0x0000000100000000)
  eden space 15872K, 100% used [0x00000000d5580000,0x00000000d6500000,0x00000000d6500000)
  from space 1536K, 73% used [0x00000000d6b00000,0x00000000d6c1bf60,0x00000000d6c80000)
  to   space 3072K, 0% used [0x00000000d6680000,0x00000000d6680000,0x00000000d6980000)
 ParOldGen       total 68608K, used 33571K [0x0000000080000000, 0x0000000084300000, 0x00000000d5580000)
  object space 68608K, 48% used [0x0000000080000000,0x00000000820c8ea0,0x0000000084300000)
 Metaspace       used 44614K, committed 45824K, reserved 1114112K
  class space    used 4771K, committed 5312K, reserved 1048576K
}
Event: 18.386 GC heap after
{Heap after GC invocations=21 (full 2):
 PSYoungGen      total 18944K, used 1696K [0x00000000d5580000, 0x00000000d6b80000, 0x0000000100000000)
  eden space 15872K, 0% used [0x00000000d5580000,0x00000000d5580000,0x00000000d6500000)
  from space 3072K, 55% used [0x00000000d6680000,0x00000000d6828000,0x00000000d6980000)
  to   space 2048K, 0% used [0x00000000d6980000,0x00000000d6980000,0x00000000d6b80000)
 ParOldGen       total 68608K, used 34136K [0x0000000080000000, 0x0000000084300000, 0x00000000d5580000)
  object space 68608K, 49% used [0x0000000080000000,0x0000000082156138,0x0000000084300000)
 Metaspace       used 44614K, committed 45824K, reserved 1114112K
  class space    used 4771K, committed 5312K, reserved 1048576K
}
Event: 18.675 GC heap before
{Heap before GC invocations=22 (full 2):
 PSYoungGen      total 18944K, used 17568K [0x00000000d5580000, 0x00000000d6b80000, 0x0000000100000000)
  eden space 15872K, 100% used [0x00000000d5580000,0x00000000d6500000,0x00000000d6500000)
  from space 3072K, 55% used [0x00000000d6680000,0x00000000d6828000,0x00000000d6980000)
  to   space 2048K, 0% used [0x00000000d6980000,0x00000000d6980000,0x00000000d6b80000)
 ParOldGen       total 68608K, used 34136K [0x0000000080000000, 0x0000000084300000, 0x00000000d5580000)
  object space 68608K, 49% used [0x0000000080000000,0x0000000082156138,0x0000000084300000)
 Metaspace       used 46195K, committed 47488K, reserved 1114112K
  class space    used 4963K, committed 5504K, reserved 1048576K
}
Event: 18.676 GC heap after
{Heap after GC invocations=22 (full 2):
 PSYoungGen      total 16896K, used 672K [0x00000000d5580000, 0x00000000d6a80000, 0x0000000100000000)
  eden space 15872K, 0% used [0x00000000d5580000,0x00000000d5580000,0x00000000d6500000)
  from space 1024K, 65% used [0x00000000d6980000,0x00000000d6a28000,0x00000000d6a80000)
  to   space 1536K, 0% used [0x00000000d6780000,0x00000000d6780000,0x00000000d6900000)
 ParOldGen       total 68608K, used 35560K [0x0000000080000000, 0x0000000084300000, 0x00000000d5580000)
  object space 68608K, 51% used [0x0000000080000000,0x00000000822ba138,0x0000000084300000)
 Metaspace       used 46195K, committed 47488K, reserved 1114112K
  class space    used 4963K, committed 5504K, reserved 1048576K
}
Event: 18.874 GC heap before
{Heap before GC invocations=23 (full 2):
 PSYoungGen      total 16896K, used 16544K [0x00000000d5580000, 0x00000000d6a80000, 0x0000000100000000)
  eden space 15872K, 100% used [0x00000000d5580000,0x00000000d6500000,0x00000000d6500000)
  from space 1024K, 65% used [0x00000000d6980000,0x00000000d6a28000,0x00000000d6a80000)
  to   space 1536K, 0% used [0x00000000d6780000,0x00000000d6780000,0x00000000d6900000)
 ParOldGen       total 68608K, used 35560K [0x0000000080000000, 0x0000000084300000, 0x00000000d5580000)
  object space 68608K, 51% used [0x0000000080000000,0x00000000822ba138,0x0000000084300000)
 Metaspace       used 47874K, committed 49088K, reserved 1114112K
  class space    used 5190K, committed 5696K, reserved 1048576K
}
Event: 18.876 GC heap after
{Heap after GC invocations=23 (full 2):
 PSYoungGen      total 16896K, used 992K [0x00000000d5580000, 0x00000000d6a00000, 0x0000000100000000)
  eden space 15872K, 0% used [0x00000000d5580000,0x00000000d5580000,0x00000000d6500000)
  from space 1024K, 96% used [0x00000000d6780000,0x00000000d6878000,0x00000000d6880000)
  to   space 1536K, 0% used [0x00000000d6880000,0x00000000d6880000,0x00000000d6a00000)
 ParOldGen       total 68608K, used 36032K [0x0000000080000000, 0x0000000084300000, 0x00000000d5580000)
  object space 68608K, 52% used [0x0000000080000000,0x0000000082330138,0x0000000084300000)
 Metaspace       used 47874K, committed 49088K, reserved 1114112K
  class space    used 5190K, committed 5696K, reserved 1048576K
}
Event: 19.104 GC heap before
{Heap before GC invocations=24 (full 2):
 PSYoungGen      total 16896K, used 16864K [0x00000000d5580000, 0x00000000d6a00000, 0x0000000100000000)
  eden space 15872K, 100% used [0x00000000d5580000,0x00000000d6500000,0x00000000d6500000)
  from space 1024K, 96% used [0x00000000d6780000,0x00000000d6878000,0x00000000d6880000)
  to   space 1536K, 0% used [0x00000000d6880000,0x00000000d6880000,0x00000000d6a00000)
 ParOldGen       total 68608K, used 36032K [0x0000000080000000, 0x0000000084300000, 0x00000000d5580000)
  object space 68608K, 52% used [0x0000000080000000,0x0000000082330138,0x0000000084300000)
 Metaspace       used 49822K, committed 51072K, reserved 1114112K
  class space    used 5462K, committed 6016K, reserved 1048576K
}
Event: 19.106 GC heap after
{Heap after GC invocations=24 (full 2):
 PSYoungGen      total 17408K, used 1184K [0x00000000d5580000, 0x00000000d6a00000, 0x0000000100000000)
  eden space 15872K, 0% used [0x00000000d5580000,0x00000000d5580000,0x00000000d6500000)
  from space 1536K, 77% used [0x00000000d6880000,0x00000000d69a8000,0x00000000d6a00000)
  to   space 1536K, 0% used [0x00000000d6700000,0x00000000d6700000,0x00000000d6880000)
 ParOldGen       total 68608K, used 36843K [0x0000000080000000, 0x0000000084300000, 0x00000000d5580000)
  object space 68608K, 53% used [0x0000000080000000,0x00000000823fae48,0x0000000084300000)
 Metaspace       used 49822K, committed 51072K, reserved 1114112K
  class space    used 5462K, committed 6016K, reserved 1048576K
}
Event: 19.369 GC heap before
{Heap before GC invocations=25 (full 2):
 PSYoungGen      total 17408K, used 17056K [0x00000000d5580000, 0x00000000d6a00000, 0x0000000100000000)
  eden space 15872K, 100% used [0x00000000d5580000,0x00000000d6500000,0x00000000d6500000)
  from space 1536K, 77% used [0x00000000d6880000,0x00000000d69a8000,0x00000000d6a00000)
  to   space 1536K, 0% used [0x00000000d6700000,0x00000000d6700000,0x00000000d6880000)
 ParOldGen       total 68608K, used 36843K [0x0000000080000000, 0x0000000084300000, 0x00000000d5580000)
  object space 68608K, 53% used [0x0000000080000000,0x00000000823fae48,0x0000000084300000)
 Metaspace       used 51530K, committed 52800K, reserved 1114112K
  class space    used 5653K, committed 6208K, reserved 1048576K
}
Event: 19.371 GC heap after
{Heap after GC invocations=25 (full 2):
 PSYoungGen      total 17408K, used 1312K [0x00000000d5580000, 0x00000000d6900000, 0x0000000100000000)
  eden space 15872K, 0% used [0x00000000d5580000,0x00000000d5580000,0x00000000d6500000)
  from space 1536K, 85% used [0x00000000d6700000,0x00000000d68482e0,0x00000000d6880000)
  to   space 512K, 0% used [0x00000000d6880000,0x00000000d6880000,0x00000000d6900000)
 ParOldGen       total 68608K, used 37759K [0x0000000080000000, 0x0000000084300000, 0x00000000d5580000)
  object space 68608K, 55% used [0x0000000080000000,0x00000000824dfe58,0x0000000084300000)
 Metaspace       used 51530K, committed 52800K, reserved 1114112K
  class space    used 5653K, committed 6208K, reserved 1048576K
}
Event: 19.812 GC heap before
{Heap before GC invocations=26 (full 2):
 PSYoungGen      total 17408K, used 17184K [0x00000000d5580000, 0x00000000d6900000, 0x0000000100000000)
  eden space 15872K, 100% used [0x00000000d5580000,0x00000000d6500000,0x00000000d6500000)
  from space 1536K, 85% used [0x00000000d6700000,0x00000000d68482e0,0x00000000d6880000)
  to   space 512K, 0% used [0x00000000d6880000,0x00000000d6880000,0x00000000d6900000)
 ParOldGen       total 68608K, used 37759K [0x0000000080000000, 0x0000000084300000, 0x00000000d5580000)
  object space 68608K, 55% used [0x0000000080000000,0x00000000824dfe58,0x0000000084300000)
 Metaspace       used 51824K, committed 53056K, reserved 1114112K
  class space    used 5672K, committed 6208K, reserved 1048576K
}
Event: 19.813 GC heap after
{Heap after GC invocations=26 (full 2):
 PSYoungGen      total 16384K, used 320K [0x00000000d5580000, 0x00000000d6900000, 0x0000000100000000)
  eden space 15872K, 0% used [0x00000000d5580000,0x00000000d5580000,0x00000000d6500000)
  from space 512K, 62% used [0x00000000d6880000,0x00000000d68d0000,0x00000000d6900000)
  to   space 1024K, 0% used [0x00000000d6700000,0x00000000d6700000,0x00000000d6800000)
 ParOldGen       total 68608K, used 38824K [0x0000000080000000, 0x0000000084300000, 0x00000000d5580000)
  object space 68608K, 56% used [0x0000000080000000,0x00000000825ea238,0x0000000084300000)
 Metaspace       used 51824K, committed 53056K, reserved 1114112K
  class space    used 5672K, committed 6208K, reserved 1048576K
}
Event: 20.025 GC heap before
{Heap before GC invocations=27 (full 2):
 PSYoungGen      total 16384K, used 16192K [0x00000000d5580000, 0x00000000d6900000, 0x0000000100000000)
  eden space 15872K, 100% used [0x00000000d5580000,0x00000000d6500000,0x00000000d6500000)
  from space 512K, 62% used [0x00000000d6880000,0x00000000d68d0000,0x00000000d6900000)
  to   space 1024K, 0% used [0x00000000d6700000,0x00000000d6700000,0x00000000d6800000)
 ParOldGen       total 68608K, used 38824K [0x0000000080000000, 0x0000000084300000, 0x00000000d5580000)
  object space 68608K, 56% used [0x0000000080000000,0x00000000825ea238,0x0000000084300000)
 Metaspace       used 51879K, committed 53120K, reserved 1114112K
  class space    used 5680K, committed 6208K, reserved 1048576K
}
Event: 20.027 GC heap after
{Heap after GC invocations=27 (full 2):
 PSYoungGen      total 16896K, used 541K [0x00000000d5580000, 0x00000000d6900000, 0x0000000100000000)
  eden space 15872K, 0% used [0x00000000d5580000,0x00000000d5580000,0x00000000d6500000)
  from space 1024K, 52% used [0x00000000d6700000,0x00000000d6787600,0x00000000d6800000)
  to   space 1024K, 0% used [0x00000000d6800000,0x00000000d6800000,0x00000000d6900000)
 ParOldGen       total 68608K, used 38936K [0x0000000080000000, 0x0000000084300000, 0x00000000d5580000)
  object space 68608K, 56% used [0x0000000080000000,0x0000000082606238,0x0000000084300000)
 Metaspace       used 51879K, committed 53120K, reserved 1114112K
  class space    used 5680K, committed 6208K, reserved 1048576K
}
Event: 20.234 GC heap before
{Heap before GC invocations=28 (full 2):
 PSYoungGen      total 16896K, used 16413K [0x00000000d5580000, 0x00000000d6900000, 0x0000000100000000)
  eden space 15872K, 100% used [0x00000000d5580000,0x00000000d6500000,0x00000000d6500000)
  from space 1024K, 52% used [0x00000000d6700000,0x00000000d6787600,0x00000000d6800000)
  to   space 1024K, 0% used [0x00000000d6800000,0x00000000d6800000,0x00000000d6900000)
 ParOldGen       total 68608K, used 38936K [0x0000000080000000, 0x0000000084300000, 0x00000000d5580000)
  object space 68608K, 56% used [0x0000000080000000,0x0000000082606238,0x0000000084300000)
 Metaspace       used 52167K, committed 53312K, reserved 1114112K
  class space    used 5708K, committed 6208K, reserved 1048576K
}
Event: 20.235 GC heap after
{Heap after GC invocations=28 (full 2):
 PSYoungGen      total 16896K, used 800K [0x00000000d5580000, 0x00000000d6900000, 0x0000000100000000)
  eden space 15872K, 0% used [0x00000000d5580000,0x00000000d5580000,0x00000000d6500000)
  from space 1024K, 78% used [0x00000000d6800000,0x00000000d68c8000,0x00000000d6900000)
  to   space 1024K, 0% used [0x00000000d6700000,0x00000000d6700000,0x00000000d6800000)
 ParOldGen       total 68608K, used 39088K [0x0000000080000000, 0x0000000084300000, 0x00000000d5580000)
  object space 68608K, 56% used [0x0000000080000000,0x000000008262c238,0x0000000084300000)
 Metaspace       used 52167K, committed 53312K, reserved 1114112K
  class space    used 5708K, committed 6208K, reserved 1048576K
}

Dll operation events (12 events):
Event: 0.011 Loaded shared library c:\Users\amine\.cursor\extensions\redhat.java-1.50.0-win32-x64\jre\21.0.9-win32-x86_64\bin\java.dll
Event: 0.062 Loaded shared library c:\Users\amine\.cursor\extensions\redhat.java-1.50.0-win32-x64\jre\21.0.9-win32-x86_64\bin\zip.dll
Event: 0.079 Loaded shared library C:\Users\amine\.cursor\extensions\redhat.java-1.50.0-win32-x64\jre\21.0.9-win32-x86_64\bin\instrument.dll
Event: 0.083 Loaded shared library C:\Users\amine\.cursor\extensions\redhat.java-1.50.0-win32-x64\jre\21.0.9-win32-x86_64\bin\net.dll
Event: 0.090 Loaded shared library C:\Users\amine\.cursor\extensions\redhat.java-1.50.0-win32-x64\jre\21.0.9-win32-x86_64\bin\nio.dll
Event: 0.094 Loaded shared library C:\Users\amine\.cursor\extensions\redhat.java-1.50.0-win32-x64\jre\21.0.9-win32-x86_64\bin\zip.dll
Event: 0.119 Loaded shared library C:\Users\amine\.cursor\extensions\redhat.java-1.50.0-win32-x64\jre\21.0.9-win32-x86_64\bin\jimage.dll
Event: 0.238 Loaded shared library c:\Users\amine\.cursor\extensions\redhat.java-1.50.0-win32-x64\jre\21.0.9-win32-x86_64\bin\verify.dll
Event: 6.063 Loaded shared library C:\Users\amine\AppData\Roaming\Cursor\User\globalStorage\redhat.java\1.50.0\config_win\org.eclipse.equinox.launcher\org.eclipse.equinox.launcher.win32.win32.x86_64_1.2.1400.v20250801-0854\eclipse_11916.dll
Event: 15.231 Loaded shared library C:\Users\amine\AppData\Local\Temp\jna-92933172\jna7454503423940823413.dll
Event: 16.727 Loaded shared library C:\Users\amine\.cursor\extensions\redhat.java-1.50.0-win32-x64\jre\21.0.9-win32-x86_64\bin\sunmscapi.dll
Event: 17.204 Loaded shared library C:\Users\amine\.cursor\extensions\redhat.java-1.50.0-win32-x64\jre\21.0.9-win32-x86_64\bin\extnet.dll

Deoptimization events (20 events):
Event: 26.575 Thread 0x000002aec6432410 DEOPT PACKING pc=0x000002aef1dc62ec sp=0x000000f2e76fe4d0
Event: 26.575 Thread 0x000002aec6432410 DEOPT UNPACKING pc=0x000002aef1603aa2 sp=0x000000f2e76fe458 mode 2
Event: 26.590 Thread 0x000002aec962ab50 DEOPT PACKING pc=0x000002aeea1fb86e sp=0x000000f2e9cfe680
Event: 26.590 Thread 0x000002aec962ab50 DEOPT UNPACKING pc=0x000002aef1604242 sp=0x000000f2e9cfdc00 mode 0
Event: 26.590 Thread 0x000002aec962ab50 Uncommon trap: trap_request=0xffffff45 fr.pc=0x000002aef2119368 relative=0x0000000000000668
Event: 26.590 Thread 0x000002aec962ab50 Uncommon trap: reason=unstable_if action=reinterpret pc=0x000002aef2119368 method=org.eclipse.jdt.internal.core.index.DiskIndex.addQueryResults([[C[CILorg/eclipse/jdt/internal/core/index/MemoryIndex;)Lorg/eclipse/jdt/internal/compiler/util/HashtableOfObje
Event: 26.591 Thread 0x000002aec962ab50 DEOPT PACKING pc=0x000002aef2119368 sp=0x000000f2e9cfe770
Event: 26.591 Thread 0x000002aec962ab50 DEOPT UNPACKING pc=0x000002aef1603aa2 sp=0x000000f2e9cfe718 mode 2
Event: 26.591 Thread 0x000002aec962ab50 Uncommon trap: trap_request=0xffffff45 fr.pc=0x000002aef1e29290 relative=0x0000000000000dd0
Event: 26.591 Thread 0x000002aec962ab50 Uncommon trap: reason=unstable_if action=reinterpret pc=0x000002aef1e29290 method=org.eclipse.jdt.internal.core.index.DiskIndex.readStreamChars(Ljava/io/InputStream;)[C @ 1 c2
Event: 26.592 Thread 0x000002aec962ab50 DEOPT PACKING pc=0x000002aef1e29290 sp=0x000000f2e9cfe6d0
Event: 26.592 Thread 0x000002aec962ab50 DEOPT UNPACKING pc=0x000002aef1603aa2 sp=0x000000f2e9cfe658 mode 2
Event: 26.613 Thread 0x000002aec962ab50 Uncommon trap: trap_request=0xffffff45 fr.pc=0x000002aef1f50c7c relative=0x000000000000071c
Event: 26.613 Thread 0x000002aec962ab50 Uncommon trap: reason=unstable_if action=reinterpret pc=0x000002aef1f50c7c method=org.eclipse.osgi.internal.framework.BundleContextImpl.setContextFinder()Ljava/lang/Object; @ 36 c2
Event: 26.613 Thread 0x000002aec962ab50 DEOPT PACKING pc=0x000002aef1f50c7c sp=0x000000f2e9cfdc10
Event: 26.613 Thread 0x000002aec962ab50 DEOPT UNPACKING pc=0x000002aef1603aa2 sp=0x000000f2e9cfdb38 mode 2
Event: 26.613 Thread 0x000002aec962ab50 Uncommon trap: trap_request=0xffffff45 fr.pc=0x000002aef1f406c4 relative=0x0000000000000284
Event: 26.613 Thread 0x000002aec962ab50 Uncommon trap: reason=unstable_if action=reinterpret pc=0x000002aef1f406c4 method=org.eclipse.osgi.internal.framework.BundleContextImpl.setContextFinder()Ljava/lang/Object; @ 36 c2
Event: 26.613 Thread 0x000002aec962ab50 DEOPT PACKING pc=0x000002aef1f406c4 sp=0x000000f2e9cfdb70
Event: 26.613 Thread 0x000002aec962ab50 DEOPT UNPACKING pc=0x000002aef1603aa2 sp=0x000000f2e9cfdb28 mode 2

Classes loaded (20 events):
Event: 19.385 Loading class java/nio/file/FileTreeWalker$EventType
Event: 19.385 Loading class java/nio/file/FileTreeWalker$EventType done
Event: 19.385 Loading class java/nio/file/Files$3
Event: 19.385 Loading class java/nio/file/Files$3 done
Event: 19.386 Loading class java/nio/file/FileVisitResult
Event: 19.386 Loading class java/nio/file/FileVisitResult done
Event: 20.150 Loading class java/util/regex/PatternSyntaxException
Event: 20.150 Loading class java/util/regex/PatternSyntaxException done
Event: 20.289 Loading class java/util/Collections$SynchronizedRandomAccessList
Event: 20.289 Loading class java/util/Collections$SynchronizedList
Event: 20.289 Loading class java/util/Collections$SynchronizedList done
Event: 20.289 Loading class java/util/Collections$SynchronizedRandomAccessList done
Event: 20.293 Loading class java/util/concurrent/CompletableFuture$Signaller
Event: 20.294 Loading class java/util/concurrent/CompletableFuture$Signaller done
Event: 26.598 Loading class java/util/concurrent/CompletableFuture$UniApply
Event: 26.598 Loading class java/util/concurrent/CompletableFuture$UniApply done
Event: 26.598 Loading class java/util/concurrent/CompletableFuture$UniExceptionally
Event: 26.599 Loading class java/util/concurrent/CompletableFuture$UniExceptionally done
Event: 26.612 Loading class java/util/Hashtable$KeySet
Event: 26.612 Loading class java/util/Hashtable$KeySet done

Classes unloaded (7 events):
Event: 15.794 Thread 0x000002aee58f1ad0 Unloading class 0x000002ae811a4800 'java/lang/invoke/LambdaForm$MH+0x000002ae811a4800'
Event: 15.794 Thread 0x000002aee58f1ad0 Unloading class 0x000002ae811a4400 'java/lang/invoke/LambdaForm$MH+0x000002ae811a4400'
Event: 15.794 Thread 0x000002aee58f1ad0 Unloading class 0x000002ae811a4000 'java/lang/invoke/LambdaForm$MH+0x000002ae811a4000'
Event: 15.794 Thread 0x000002aee58f1ad0 Unloading class 0x000002ae811a3c00 'java/lang/invoke/LambdaForm$MH+0x000002ae811a3c00'
Event: 15.794 Thread 0x000002aee58f1ad0 Unloading class 0x000002ae811a3800 'java/lang/invoke/LambdaForm$BMH+0x000002ae811a3800'
Event: 15.794 Thread 0x000002aee58f1ad0 Unloading class 0x000002ae811a3400 'java/lang/invoke/LambdaForm$DMH+0x000002ae811a3400'
Event: 15.794 Thread 0x000002aee58f1ad0 Unloading class 0x000002ae811a2000 'java/lang/invoke/LambdaForm$DMH+0x000002ae811a2000'

Classes redefined (0 events):
No events

Internal exceptions (20 events):
Event: 20.312 Thread 0x000002aec928e150 Exception <a 'sun/nio/fs/WindowsException'{0x00000000d5a27668}> (0x00000000d5a27668) 
thrown [s\src\hotspot\share\prims\jni.cpp, line 520]
Event: 20.312 Thread 0x000002aec928e150 Exception <a 'sun/nio/fs/WindowsException'{0x00000000d5a28308}> (0x00000000d5a28308) 
thrown [s\src\hotspot\share\prims\jni.cpp, line 520]
Event: 20.312 Thread 0x000002aec928e150 Exception <a 'sun/nio/fs/WindowsException'{0x00000000d5a28bd0}> (0x00000000d5a28bd0) 
thrown [s\src\hotspot\share\prims\jni.cpp, line 520]
Event: 20.313 Thread 0x000002aec928e150 Exception <a 'sun/nio/fs/WindowsException'{0x00000000d5a29bd8}> (0x00000000d5a29bd8) 
thrown [s\src\hotspot\share\prims\jni.cpp, line 520]
Event: 20.313 Thread 0x000002aec928e150 Exception <a 'sun/nio/fs/WindowsException'{0x00000000d5a2a4c8}> (0x00000000d5a2a4c8) 
thrown [s\src\hotspot\share\prims\jni.cpp, line 520]
Event: 20.313 Thread 0x000002aec928e150 Exception <a 'sun/nio/fs/WindowsException'{0x00000000d5a2b738}> (0x00000000d5a2b738) 
thrown [s\src\hotspot\share\prims\jni.cpp, line 520]
Event: 20.313 Thread 0x000002aec928e150 Exception <a 'sun/nio/fs/WindowsException'{0x00000000d5a2c028}> (0x00000000d5a2c028) 
thrown [s\src\hotspot\share\prims\jni.cpp, line 520]
Event: 20.314 Thread 0x000002aec928e150 Exception <a 'sun/nio/fs/WindowsException'{0x00000000d5a38e18}> (0x00000000d5a38e18) 
thrown [s\src\hotspot\share\prims\jni.cpp, line 520]
Event: 20.314 Thread 0x000002aec928e150 Exception <a 'sun/nio/fs/WindowsException'{0x00000000d5a39468}> (0x00000000d5a39468) 
thrown [s\src\hotspot\share\prims\jni.cpp, line 520]
Event: 20.315 Thread 0x000002aec928e150 Exception <a 'sun/nio/fs/WindowsException'{0x00000000d5a3a0f0}> (0x00000000d5a3a0f0) 
thrown [s\src\hotspot\share\prims\jni.cpp, line 520]
Event: 20.315 Thread 0x000002aec928e150 Exception <a 'sun/nio/fs/WindowsException'{0x00000000d5a3a740}> (0x00000000d5a3a740) 
thrown [s\src\hotspot\share\prims\jni.cpp, line 520]
Event: 20.316 Thread 0x000002aec928e150 Exception <a 'sun/nio/fs/WindowsException'{0x00000000d5a3b4c0}> (0x00000000d5a3b4c0) 
thrown [s\src\hotspot\share\prims\jni.cpp, line 520]
Event: 20.316 Thread 0x000002aec928e150 Exception <a 'sun/nio/fs/WindowsException'{0x00000000d5a3bb30}> (0x00000000d5a3bb30) 
thrown [s\src\hotspot\share\prims\jni.cpp, line 520]
Event: 20.316 Thread 0x000002aec928e150 Exception <a 'sun/nio/fs/WindowsException'{0x00000000d5a3c810}> (0x00000000d5a3c810) 
thrown [s\src\hotspot\share\prims\jni.cpp, line 520]
Event: 20.316 Thread 0x000002aec928e150 Exception <a 'sun/nio/fs/WindowsException'{0x00000000d5a4b788}> (0x00000000d5a4b788) 
thrown [s\src\hotspot\share\prims\jni.cpp, line 520]
Event: 26.591 Thread 0x000002aec962ab50 Implicit null exception at 0x000002aef1e28504 to 0x000002aef1e2927c
Event: 26.596 Thread 0x000002aec928e150 Exception <a 'java/lang/IncompatibleClassChangeError'{0x00000000d5d275b8}: Found class java.lang.Object, but interface was expected> (0x00000000d5d275b8) 
thrown [s\src\hotspot\share\interpreter\linkResolver.cpp, line 840]
Event: 26.615 Thread 0x000002aec6432410 Exception <a 'java/io/FileNotFoundException'{0x00000000d62bfe40}> (0x00000000d62bfe40) 
thrown [s\src\hotspot\share\prims\jni.cpp, line 520]
Event: 26.617 Thread 0x000002aec6432410 Exception <a 'java/io/FileNotFoundException'{0x00000000d62c1110}> (0x00000000d62c1110) 
thrown [s\src\hotspot\share\prims\jni.cpp, line 520]
Event: 26.618 Thread 0x000002aec6432410 Exception <a 'java/io/FileNotFoundException'{0x00000000d62c9280}> (0x00000000d62c9280) 
thrown [s\src\hotspot\share\prims\jni.cpp, line 520]

ZGC Phase Switch (0 events):
No events

VM Operations (20 events):
Event: 18.950 Executing VM operation: HandshakeAllThreads (Deoptimize)
Event: 18.950 Executing VM operation: HandshakeAllThreads (Deoptimize) done
Event: 19.104 Executing VM operation: ParallelGCFailedAllocation (Allocation Failure)
Event: 19.106 Executing VM operation: ParallelGCFailedAllocation (Allocation Failure) done
Event: 19.369 Executing VM operation: ParallelGCFailedAllocation (Allocation Failure)
Event: 19.371 Executing VM operation: ParallelGCFailedAllocation (Allocation Failure) done
Event: 19.812 Executing VM operation: ParallelGCFailedAllocation (Allocation Failure)
Event: 19.813 Executing VM operation: ParallelGCFailedAllocation (Allocation Failure) done
Event: 20.025 Executing VM operation: ParallelGCFailedAllocation (Allocation Failure)
Event: 20.027 Executing VM operation: ParallelGCFailedAllocation (Allocation Failure) done
Event: 20.147 Executing VM operation: HandshakeAllThreads (Deoptimize)
Event: 20.147 Executing VM operation: HandshakeAllThreads (Deoptimize) done
Event: 20.234 Executing VM operation: ParallelGCFailedAllocation (Allocation Failure)
Event: 20.235 Executing VM operation: ParallelGCFailedAllocation (Allocation Failure) done
Event: 20.333 Executing VM operation: HandshakeAllThreads (Deoptimize)
Event: 20.333 Executing VM operation: HandshakeAllThreads (Deoptimize) done
Event: 20.334 Executing VM operation: HandshakeAllThreads (Deoptimize)
Event: 20.334 Executing VM operation: HandshakeAllThreads (Deoptimize) done
Event: 21.334 Executing VM operation: Cleanup
Event: 21.334 Executing VM operation: Cleanup done

Memory protections (0 events):
No events

Nmethod flushes (20 events):
Event: 16.985 Thread 0x000002aee58f1ad0 flushing  nmethod 0x000002aeea7e5990
Event: 16.985 Thread 0x000002aee58f1ad0 flushing  nmethod 0x000002aeea7ee690
Event: 16.985 Thread 0x000002aee58f1ad0 flushing  nmethod 0x000002aeea816790
Event: 16.985 Thread 0x000002aee58f1ad0 flushing  nmethod 0x000002aeea816b90
Event: 16.985 Thread 0x000002aee58f1ad0 flushing  nmethod 0x000002aeea817490
Event: 16.985 Thread 0x000002aee58f1ad0 flushing  nmethod 0x000002aeea818690
Event: 16.985 Thread 0x000002aee58f1ad0 flushing  nmethod 0x000002aeea818e90
Event: 16.985 Thread 0x000002aee58f1ad0 flushing  nmethod 0x000002aeea819610
Event: 16.985 Thread 0x000002aee58f1ad0 flushing  nmethod 0x000002aeea81ab90
Event: 16.985 Thread 0x000002aee58f1ad0 flushing  nmethod 0x000002aeea81b090
Event: 16.985 Thread 0x000002aee58f1ad0 flushing  nmethod 0x000002aeea81b990
Event: 16.985 Thread 0x000002aee58f1ad0 flushing  nmethod 0x000002aeea81cd90
Event: 16.985 Thread 0x000002aee58f1ad0 flushing  nmethod 0x000002aeea81f010
Event: 16.985 Thread 0x000002aee58f1ad0 flushing  nmethod 0x000002aeea820e10
Event: 16.985 Thread 0x000002aee58f1ad0 flushing  nmethod 0x000002aeea868b10
Event: 16.985 Thread 0x000002aee58f1ad0 flushing  nmethod 0x000002aeea86cc90
Event: 16.985 Thread 0x000002aee58f1ad0 flushing  nmethod 0x000002aeea88c610
Event: 16.985 Thread 0x000002aee58f1ad0 flushing  nmethod 0x000002aeea917810
Event: 16.985 Thread 0x000002aee58f1ad0 flushing  nmethod 0x000002aeea918210
Event: 16.985 Thread 0x000002aee58f1ad0 flushing  nmethod 0x000002aeea963610

Events (20 events):
Event: 17.464 Thread 0x000002aec962a4c0 Thread added: 0x000002aec9628a80
Event: 17.464 Thread 0x000002aec96297a0 Thread added: 0x000002aec962bf00
Event: 17.464 Thread 0x000002aec962ab50 Thread added: 0x000002aec962c590
Event: 17.465 Thread 0x000002aec9628a80 Thread added: 0x000002aec962b870
Event: 17.780 Thread 0x000002aec64337c0 Thread added: 0x000002aec9629110
Event: 17.781 Thread 0x000002aec9629110 Thread exited: 0x000002aec9629110
Event: 18.113 Thread 0x000002aec64337c0 Thread added: 0x000002aec9629110
Event: 18.818 Thread 0x000002aec91cee90 Thread exited: 0x000002aec91cee90
Event: 18.903 Thread 0x000002aec70cd0d0 Thread exited: 0x000002aec70cd0d0
Event: 19.828 Thread 0x000002aec6842db0 Thread exited: 0x000002aec6842db0
Event: 20.011 Thread 0x000002aec649ccb0 Thread exited: 0x000002aec649ccb0
Event: 20.104 Thread 0x000002aec67ad510 Thread added: 0x000002aec98576a0
Event: 25.406 Thread 0x000002aec6675af0 Thread exited: 0x000002aec6675af0
Event: 25.406 Thread 0x000002aec98576a0 Thread exited: 0x000002aec98576a0
Event: 26.549 Thread 0x000002aec7141fc0 Thread exited: 0x000002aec7141fc0
Event: 26.549 Thread 0x000002aec6b8d2a0 Thread exited: 0x000002aec6b8d2a0
Event: 26.549 Thread 0x000002aec7f952d0 Thread exited: 0x000002aec7f952d0
Event: 26.553 Thread 0x000002aec6154ed0 Thread exited: 0x000002aec6154ed0
Event: 26.576 Thread 0x000002aeff4f7180 Thread added: 0x000002aec9859f80
Event: 26.579 Thread 0x000002aeff4f7180 Thread added: 0x000002aec98576a0


Dynamic libraries:
0x00007ff6c4180000 - 0x00007ff6c418e000 	c:\Users\amine\.cursor\extensions\redhat.java-1.50.0-win32-x64\jre\21.0.9-win32-x86_64\bin\java.exe
0x00007ffb0b380000 - 0x00007ffb0b5e8000 	C:\WINDOWS\SYSTEM32\ntdll.dll
0x00007ffb0a500000 - 0x00007ffb0a5c9000 	C:\WINDOWS\System32\KERNEL32.DLL
0x00007ffb08af0000 - 0x00007ffb08ee8000 	C:\WINDOWS\System32\KERNELBASE.dll
0x00007ffb08600000 - 0x00007ffb0874b000 	C:\WINDOWS\System32\ucrtbase.dll
0x00007ffac73c0000 - 0x00007ffac73de000 	c:\Users\amine\.cursor\extensions\redhat.java-1.50.0-win32-x64\jre\21.0.9-win32-x86_64\bin\VCRUNTIME140.dll
0x00007ffac7350000 - 0x00007ffac7368000 	c:\Users\amine\.cursor\extensions\redhat.java-1.50.0-win32-x64\jre\21.0.9-win32-x86_64\bin\jli.dll
0x00007ffb094a0000 - 0x00007ffb09667000 	C:\WINDOWS\System32\USER32.dll
0x00007ffadf120000 - 0x00007ffadf3b4000 	C:\WINDOWS\WinSxS\amd64_microsoft.windows.common-controls_6595b64144ccf1df_6.0.26100.7019_none_3e06ffa0e335b8a8\COMCTL32.dll
0x00007ffb08ef0000 - 0x00007ffb08f17000 	C:\WINDOWS\System32\win32u.dll
0x00007ffb09120000 - 0x00007ffb091c9000 	C:\WINDOWS\System32\msvcrt.dll
0x00007ffb0acf0000 - 0x00007ffb0ad1b000 	C:\WINDOWS\System32\GDI32.dll
0x00007ffb084d0000 - 0x00007ffb085fc000 	C:\WINDOWS\System32\gdi32full.dll
0x00007ffb08750000 - 0x00007ffb087f3000 	C:\WINDOWS\System32\msvcp_win.dll
0x00007ffb0a8d0000 - 0x00007ffb0a901000 	C:\WINDOWS\System32\IMM32.DLL
0x00007ffac7340000 - 0x00007ffac734c000 	c:\Users\amine\.cursor\extensions\redhat.java-1.50.0-win32-x64\jre\21.0.9-win32-x86_64\bin\vcruntime140_1.dll
0x00007ffa79240000 - 0x00007ffa792cd000 	c:\Users\amine\.cursor\extensions\redhat.java-1.50.0-win32-x64\jre\21.0.9-win32-x86_64\bin\msvcp140.dll
0x00007ffa0c4a0000 - 0x00007ffa0d240000 	c:\Users\amine\.cursor\extensions\redhat.java-1.50.0-win32-x64\jre\21.0.9-win32-x86_64\bin\server\jvm.dll
0x00007ffb0a9a0000 - 0x00007ffb0aa54000 	C:\WINDOWS\System32\ADVAPI32.dll
0x00007ffb091d0000 - 0x00007ffb09276000 	C:\WINDOWS\System32\sechost.dll
0x00007ffb0a7b0000 - 0x00007ffb0a8c8000 	C:\WINDOWS\System32\RPCRT4.dll
0x00007ffb0a5d0000 - 0x00007ffb0a644000 	C:\WINDOWS\System32\WS2_32.dll
0x00007ffb08330000 - 0x00007ffb0838e000 	C:\WINDOWS\SYSTEM32\POWRPROF.dll
0x00007ffafbc90000 - 0x00007ffafbc9b000 	C:\WINDOWS\SYSTEM32\VERSION.dll
0x00007ffaf9660000 - 0x00007ffaf9695000 	C:\WINDOWS\SYSTEM32\WINMM.dll
0x00007ffb08310000 - 0x00007ffb08324000 	C:\WINDOWS\SYSTEM32\UMPDC.dll
0x00007ffb07260000 - 0x00007ffb0727b000 	C:\WINDOWS\SYSTEM32\kernel.appcore.dll
0x00007ffac7330000 - 0x00007ffac733a000 	c:\Users\amine\.cursor\extensions\redhat.java-1.50.0-win32-x64\jre\21.0.9-win32-x86_64\bin\jimage.dll
0x00007ffb05c60000 - 0x00007ffb05ea2000 	C:\WINDOWS\SYSTEM32\DBGHELP.DLL
0x00007ffb097b0000 - 0x00007ffb09b3b000 	C:\WINDOWS\System32\combase.dll
0x00007ffb0abd0000 - 0x00007ffb0aca7000 	C:\WINDOWS\System32\OLEAUT32.dll
0x00007ffae1840000 - 0x00007ffae187c000 	C:\WINDOWS\SYSTEM32\dbgcore.DLL
0x00007ffb08f20000 - 0x00007ffb08fc5000 	C:\WINDOWS\System32\bcryptPrimitives.dll
0x00007ffabb700000 - 0x00007ffabb70f000 	c:\Users\amine\.cursor\extensions\redhat.java-1.50.0-win32-x64\jre\21.0.9-win32-x86_64\bin\instrument.dll
0x00007ffab4310000 - 0x00007ffab4330000 	c:\Users\amine\.cursor\extensions\redhat.java-1.50.0-win32-x64\jre\21.0.9-win32-x86_64\bin\java.dll
0x00007ffb09bc0000 - 0x00007ffb0a30f000 	C:\WINDOWS\System32\SHELL32.dll
0x00007ffb08800000 - 0x00007ffb0896b000 	C:\WINDOWS\System32\wintypes.dll
0x00007ffb060a0000 - 0x00007ffb068fd000 	C:\WINDOWS\SYSTEM32\windows.storage.dll
0x00007ffb096b0000 - 0x00007ffb097a2000 	C:\WINDOWS\System32\SHCORE.dll
0x00007ffb0b1b0000 - 0x00007ffb0b217000 	C:\WINDOWS\System32\shlwapi.dll
0x00007ffb083f0000 - 0x00007ffb08419000 	C:\WINDOWS\SYSTEM32\profapi.dll
0x00007ffab42f0000 - 0x00007ffab4308000 	c:\Users\amine\.cursor\extensions\redhat.java-1.50.0-win32-x64\jre\21.0.9-win32-x86_64\bin\zip.dll
0x00007ffabb6f0000 - 0x00007ffabb700000 	C:\Users\amine\.cursor\extensions\redhat.java-1.50.0-win32-x64\jre\21.0.9-win32-x86_64\bin\net.dll
0x00007ffafeb50000 - 0x00007ffafec78000 	C:\WINDOWS\SYSTEM32\WINHTTP.dll
0x00007ffb077d0000 - 0x00007ffb0783b000 	C:\WINDOWS\system32\mswsock.dll
0x00007ffab1690000 - 0x00007ffab16a6000 	C:\Users\amine\.cursor\extensions\redhat.java-1.50.0-win32-x64\jre\21.0.9-win32-x86_64\bin\nio.dll
0x00007ffab8220000 - 0x00007ffab8230000 	c:\Users\amine\.cursor\extensions\redhat.java-1.50.0-win32-x64\jre\21.0.9-win32-x86_64\bin\verify.dll
0x00007ffab1640000 - 0x00007ffab1684000 	C:\Users\amine\AppData\Roaming\Cursor\User\globalStorage\redhat.java\1.50.0\config_win\org.eclipse.equinox.launcher\org.eclipse.equinox.launcher.win32.win32.x86_64_1.2.1400.v20250801-0854\eclipse_11916.dll
0x00007ffb09280000 - 0x00007ffb09417000 	C:\WINDOWS\System32\ole32.dll
0x00007ffb07aa0000 - 0x00007ffb07abb000 	C:\WINDOWS\SYSTEM32\CRYPTSP.dll
0x00007ffb071c0000 - 0x00007ffb071fa000 	C:\WINDOWS\system32\rsaenh.dll
0x00007ffb07880000 - 0x00007ffb078ab000 	C:\WINDOWS\SYSTEM32\USERENV.dll
0x00007ffb083c0000 - 0x00007ffb083ea000 	C:\WINDOWS\SYSTEM32\bcrypt.dll
0x00007ffb07a90000 - 0x00007ffb07a9c000 	C:\WINDOWS\SYSTEM32\CRYPTBASE.dll
0x00007ffb06da0000 - 0x00007ffb06dd4000 	C:\WINDOWS\SYSTEM32\IPHLPAPI.DLL
0x00007ffb096a0000 - 0x00007ffb096aa000 	C:\WINDOWS\System32\NSI.dll
0x00007ffa9a0b0000 - 0x00007ffa9a0f9000 	C:\Users\amine\AppData\Local\Temp\jna-92933172\jna7454503423940823413.dll
0x00007ffb0acd0000 - 0x00007ffb0acd8000 	C:\WINDOWS\System32\PSAPI.DLL
0x00007ffaff310000 - 0x00007ffaff32e000 	C:\WINDOWS\SYSTEM32\dhcpcsvc6.DLL
0x00007ffaff2e0000 - 0x00007ffaff303000 	C:\WINDOWS\SYSTEM32\dhcpcsvc.DLL
0x00007ffac85b0000 - 0x00007ffac85be000 	C:\Users\amine\.cursor\extensions\redhat.java-1.50.0-win32-x64\jre\21.0.9-win32-x86_64\bin\sunmscapi.dll
0x00007ffb08970000 - 0x00007ffb08ae7000 	C:\WINDOWS\System32\CRYPT32.dll
0x00007ffb07cb0000 - 0x00007ffb07ce0000 	C:\WINDOWS\SYSTEM32\ncrypt.dll
0x00007ffb07c60000 - 0x00007ffb07c9f000 	C:\WINDOWS\SYSTEM32\NTASN1.dll
0x00007ffb06de0000 - 0x00007ffb06f0c000 	C:\WINDOWS\SYSTEM32\DNSAPI.dll
0x00007ffafd6f0000 - 0x00007ffafd6fb000 	C:\Windows\System32\rasadhlp.dll
0x00007ffaff520000 - 0x00007ffaff5a6000 	C:\WINDOWS\System32\fwpuclnt.dll
0x00007ffac85a0000 - 0x00007ffac85a9000 	C:\Users\amine\.cursor\extensions\redhat.java-1.50.0-win32-x64\jre\21.0.9-win32-x86_64\bin\extnet.dll

JVMTI agents:
c:\Users\amine\.cursor\extensions\redhat.java-1.50.0-win32-x64\lombok\lombok-1.18.39-4050.jar path:c:\Users\amine\.cursor\extensions\redhat.java-1.50.0-win32-x64\jre\21.0.9-win32-x86_64\bin\instrument.dll, loaded, initialized, instrumentlib options:none

dbghelp: loaded successfully - version: 4.0.5 - missing functions: none
symbol engine: initialized successfully - sym options: 0x614 - pdb path: .;c:\Users\amine\.cursor\extensions\redhat.java-1.50.0-win32-x64\jre\21.0.9-win32-x86_64\bin;C:\WINDOWS\SYSTEM32;C:\WINDOWS\WinSxS\amd64_microsoft.windows.common-controls_6595b64144ccf1df_6.0.26100.7019_none_3e06ffa0e335b8a8;c:\Users\amine\.cursor\extensions\redhat.java-1.50.0-win32-x64\jre\21.0.9-win32-x86_64\bin\server;C:\Users\amine\AppData\Roaming\Cursor\User\globalStorage\redhat.java\1.50.0\config_win\org.eclipse.equinox.launcher\org.eclipse.equinox.launcher.win32.win32.x86_64_1.2.1400.v20250801-0854;C:\Users\amine\AppData\Local\Temp\jna-92933172

VM Arguments:
jvm_args: --add-modules=ALL-SYSTEM --add-opens=java.base/java.util=ALL-UNNAMED --add-opens=java.base/java.lang=ALL-UNNAMED --add-opens=java.base/sun.nio.fs=ALL-UNNAMED -Declipse.application=org.eclipse.jdt.ls.core.id1 -Dosgi.bundles.defaultStartLevel=4 -Declipse.product=org.eclipse.jdt.ls.core.product -Djava.import.generatesMetadataFilesAtProjectRoot=false -DDetectVMInstallationsJob.disabled=true -Dfile.encoding=utf8 -XX:+UseParallelGC -XX:GCTimeRatio=4 -XX:AdaptiveSizePolicyWeight=90 -Dsun.zip.disableMemoryMapping=true -Xmx2G -Xms100m -Xlog:disable -javaagent:c:\Users\amine\.cursor\extensions\redhat.java-1.50.0-win32-x64\lombok\lombok-1.18.39-4050.jar -XX:+HeapDumpOnOutOfMemoryError -XX:HeapDumpPath=c:\Users\amine\AppData\Roaming\Cursor\User\workspaceStorage\3adbcbfda85b6272a49d07149e23765e\redhat.java -Daether.dependencyCollector.impl=bf 
java_command: c:\Users\amine\.cursor\extensions\redhat.java-1.50.0-win32-x64\server\plugins\org.eclipse.equinox.launcher_1.7.100.v20251111-0406.jar -configuration c:\Users\amine\AppData\Roaming\Cursor\User\globalStorage\redhat.java\1.50.0\config_win -data c:\Users\amine\AppData\Roaming\Cursor\User\workspaceStorage\3adbcbfda85b6272a49d07149e23765e\redhat.java\jdt_ws --pipe=\\.\pipe\lsp-1cdb5f0ae189da8739af915d3e8b415d-sock
java_class_path (initial): c:\Users\amine\.cursor\extensions\redhat.java-1.50.0-win32-x64\server\plugins\org.eclipse.equinox.launcher_1.7.100.v20251111-0406.jar
Launcher Type: SUN_STANDARD

[Global flags]
    uintx AdaptiveSizePolicyWeight                 = 90                                        {product} {command line}
     intx CICompilerCount                          = 12                                        {product} {ergonomic}
    uintx GCTimeRatio                              = 4                                         {product} {command line}
     bool HeapDumpOnOutOfMemoryError               = true                                   {manageable} {command line}
    ccstr HeapDumpPath                             = c:\Users\amine\AppData\Roaming\Cursor\User\workspaceStorage\3adbcbfda85b6272a49d07149e23765e\redhat.java         {manageable} {command line}
   size_t InitialHeapSize                          = 104857600                                 {product} {command line}
   size_t MaxHeapSize                              = 2147483648                                {product} {command line}
   size_t MaxNewSize                               = 715653120                                 {product} {ergonomic}
   size_t MinHeapDeltaBytes                        = 524288                                    {product} {ergonomic}
   size_t MinHeapSize                              = 104857600                                 {product} {command line}
   size_t NewSize                                  = 34603008                                  {product} {ergonomic}
    uintx NonNMethodCodeHeapSize                   = 7602480                                {pd product} {ergonomic}
    uintx NonProfiledCodeHeapSize                  = 122027880                              {pd product} {ergonomic}
   size_t OldSize                                  = 70254592                                  {product} {ergonomic}
    uintx ProfiledCodeHeapSize                     = 122027880                              {pd product} {ergonomic}
    uintx ReservedCodeCacheSize                    = 251658240                              {pd product} {ergonomic}
     bool SegmentedCodeCache                       = true                                      {product} {ergonomic}
   size_t SoftMaxHeapSize                          = 2147483648                             {manageable} {ergonomic}
     bool UseCompressedOops                        = true                           {product lp64_product} {ergonomic}
     bool UseLargePagesIndividualAllocation        = false                                  {pd product} {ergonomic}
     bool UseParallelGC                            = true                                      {product} {command line}

Logging:
Log output configuration:
 #0: stdout all=off uptime,level,tags foldmultilines=false
 #1: stderr all=off uptime,level,tags foldmultilines=false

Release file:
JAVA_VERSION="21.0.9" 
MODULES="java.base java.compiler java.datatransfer java.xml java.prefs java.desktop java.instrument java.logging java.management java.security.sasl java.naming java.rmi java.management.rmi java.net.http java.scripting java.security.jgss java.transaction.xa java.sql java.sql.rowset java.xml.crypto java.se java.smartcardio jdk.accessibility jdk.internal.jvmstat jdk.attach jdk.charsets jdk.internal.opt jdk.zipfs jdk.compiler jdk.crypto.ec jdk.crypto.cryptoki jdk.crypto.mscapi jdk.dynalink jdk.internal.ed jdk.editpad jdk.hotspot.agent jdk.httpserver jdk.internal.le jdk.internal.vm.ci jdk.internal.vm.compiler jdk.internal.vm.compiler.management jdk.jartool jdk.javadoc jdk.jcmd jdk.management jdk.management.agent jdk.jconsole jdk.jdeps jdk.jdwp.agent jdk.jdi jdk.jfr jdk.jshell jdk.jsobject jdk.jstatd jdk.localedata jdk.management.jfr jdk.naming.dns jdk.naming.rmi jdk.net jdk.nio.mapmode jdk.random jdk.sctp jdk.security.auth jdk.security.jgss jdk.unsupported jdk.unsupported.desktop jdk.xml.dom" 

Environment Variables:
JAVA_HOME=C:\Program Files\Java\jdk-21
PATH=C:\Python313\Scripts\;C:\Python313\;C:\Program Files\Eclipse Foundation\jdk-8.0.302.8-hotspot\bin;C:\Program Files\Common Files\Oracle\Java\javapath;C:\oraclexe\app\oracle\product\11.2.0\server\bin;C:\windows\system32;C:\windows;C:\windows\System32\Wbem;C:\windows\System32\WindowsPowerShell\v1.0\;C:\windows\System32\OpenSSH\;C:\Program Files (x86)\NVIDIA Corporation\PhysX\Common;C:\Program Files\dotnet\;C:\Program Files\HP\HP One Agent;C:\Program Files\Java\jdk-17\bin;C:\Program Files\Microsoft SQL Server\130\Tools\Binn\;C:\Program Files\Microsoft SQL Server\Client SDK\ODBC\170\Tools\Binn\;C:\WINDOWS\system32;C:\WINDOWS;C:\WINDOWS\System32\Wbem;C:\WINDOWS\System32\WindowsPowerShell\v1.0\;C:\WINDOWS\System32\OpenSSH\;C:\Users\amine\AppData\Local\Programs\Python\Python312\;C:\Users\amine\AppData\Local\Programs\Python\Python312\Scripts\;C:\Users\amine\AppData\Local\nvm;C:\nvm4w\nodejs;C:\ProgramData\chocolatey\bin;C:\Program Files\Git\cmd;C:\Program Files\NVIDIA Corporation\NVIDIA App\NvDLISR;D:\Program Files\cursor\resources\app\bin;C:\Program Files\nodejs\;C:\Program Files\MySQL\MySQL Shell 8.0\bin\;C:\Users\amine\AppData\Local\Programs\Python\Launcher\;C:\Users\amine\AppData\Local\Microsoft\WindowsApps;C:\Program Files\JetBrains\IntelliJ IDEA 2023.3\bin;;C:\Users\amine\AppData\Local\Programs\Microsoft VS Code\bin;C:\Program Files\JetBrains\PyCharm 2023.3.3\bin;;C:\Users\amine\.dotnet\tools;C:\Program Files\JetBrains\PhpStorm 2024.2.0.1\bin;;C:\Users\amine\AppData\Local\nvm;C:\nvm4w\nodejs;C:\flutter\bin;C:\Users\amine\AppData\Roaming\npm
USERNAME=amine
OS=Windows_NT
PROCESSOR_IDENTIFIER=Intel64 Family 6 Model 154 Stepping 3, GenuineIntel
TMP=C:\Users\amine\AppData\Local\Temp
TEMP=C:\Users\amine\AppData\Local\Temp




Periodic native trim disabled

---------------  S Y S T E M  ---------------

OS:
 Windows 11 , 64 bit Build 26100 (10.0.26100.7019)
OS uptime: 0 days 13:11 hours
Hyper-V role detected

CPU: total 16 (initial active 16) (8 cores per cpu, 2 threads per core) family 6 model 154 stepping 3 microcode 0x434, cx8, cmov, fxsr, ht, mmx, 3dnowpref, sse, sse2, sse3, ssse3, sse4.1, sse4.2, popcnt, lzcnt, tsc, tscinvbit, avx, avx2, aes, erms, clmul, bmi1, bmi2, adx, sha, fma, vzeroupper, clflush, clflushopt, clwb, hv, serialize, rdtscp, rdpid, fsrm, f16c, cet_ibt, cet_ss
Processor Information for the first 16 processors :
  Max Mhz: 2500, Current Mhz: 2500, Mhz Limit: 2500

Memory: 4k page, system-wide physical 24243M (2044M free)
TotalPageFile size 35291M (AvailPageFile size 68M)
current process WorkingSet (physical memory assigned to process): 229M, peak: 294M
current process commit charge ("private bytes"): 353M, peak: 416M

vm_info: OpenJDK 64-Bit Server VM (21.0.9+10-LTS) for windows-amd64 JRE (21.0.9+10-LTS), built on 2025-10-21T00:00:00Z by "admin" with unknown MS VC++:1942

END.
